 WARN [2020-10-02 17:35:20,818] ({main} ZeppelinConfiguration.java[create]:117) - Failed to load configuration, proceeding with a default
 INFO [2020-10-02 17:35:20,953] ({main} ZeppelinConfiguration.java[create]:129) - Server Host: 0.0.0.0
 INFO [2020-10-02 17:35:20,962] ({main} ZeppelinConfiguration.java[create]:131) - Server Port: 8080
 INFO [2020-10-02 17:35:20,965] ({main} ZeppelinConfiguration.java[create]:135) - Context Path: /
 INFO [2020-10-02 17:35:20,988] ({main} ZeppelinConfiguration.java[create]:136) - Zeppelin Version: 0.8.1
 INFO [2020-10-02 17:35:21,100] ({main} Log.java[initialized]:193) - Logging initialized @1469ms to org.eclipse.jetty.util.log.Slf4jLog
 WARN [2020-10-02 17:35:21,723] ({main} ServerConnector.java[setSoLingerTime]:458) - Ignoring deprecated socket close linger time
 INFO [2020-10-02 17:35:21,931] ({main} ZeppelinServer.java[setupWebAppContext]:413) - ZeppelinServer Webapp path: /zeppelin/webapps
 INFO [2020-10-02 17:35:22,330] ({main} ZeppelinServer.java[main]:239) - Starting zeppelin server
 INFO [2020-10-02 17:35:22,339] ({main} Server.java[doStart]:370) - jetty-9.4.14.v20181114; built: 2018-11-14T21:20:31.478Z; git: c4550056e785fb5665914545889f21dc136ad9e6; jvm 1.8.0_191-8u191-b12-0ubuntu0.16.04.1-b12
 INFO [2020-10-02 17:35:27,281] ({main} StandardDescriptorProcessor.java[visitServlet]:283) - NO JSP Support for /, did not find org.eclipse.jetty.jsp.JettyJspServlet
 INFO [2020-10-02 17:35:27,358] ({main} DefaultSessionIdManager.java[doStart]:365) - DefaultSessionIdManager workerName=node0
 INFO [2020-10-02 17:35:27,361] ({main} DefaultSessionIdManager.java[doStart]:370) - No SessionScavenger set, using defaults
 INFO [2020-10-02 17:35:27,379] ({main} HouseKeeper.java[startScavenging]:149) - node0 Scavenging every 660000ms
 INFO [2020-10-02 17:35:28,566] ({main} SchedulerFactory.java[<init>]:59) - Scheduler Thread Pool Size: 100
 WARN [2020-10-02 17:35:28,613] ({main} ZeppelinConfiguration.java[getConfigFSDir]:527) - zeppelin.config.fs.dir is not specified, fall back to local conf directory zeppelin.conf.dir
 WARN [2020-10-02 17:35:28,619] ({main} ZeppelinConfiguration.java[getConfigFSDir]:527) - zeppelin.config.fs.dir is not specified, fall back to local conf directory zeppelin.conf.dir
 INFO [2020-10-02 17:35:28,903] ({main} InterpreterSettingManager.java[<init>]:165) - Using RecoveryStorage: org.apache.zeppelin.interpreter.recovery.NullRecoveryStorage
 INFO [2020-10-02 17:35:28,911] ({main} InterpreterSettingManager.java[<init>]:169) - Using LifecycleManager: org.apache.zeppelin.interpreter.lifecycle.NullLifecycleManager
 INFO [2020-10-02 17:35:29,009] ({main} InterpreterSettingManager.java[registerInterpreterSetting]:425) - Register InterpreterSettingTemplate: pig
 INFO [2020-10-02 17:35:29,025] ({main} InterpreterSettingManager.java[registerInterpreterSetting]:425) - Register InterpreterSettingTemplate: jdbc
 INFO [2020-10-02 17:35:29,036] ({main} InterpreterSettingManager.java[registerInterpreterSetting]:425) - Register InterpreterSettingTemplate: lens
 INFO [2020-10-02 17:35:29,046] ({main} InterpreterSettingManager.java[registerInterpreterSetting]:425) - Register InterpreterSettingTemplate: sh
 INFO [2020-10-02 17:35:29,061] ({main} InterpreterSettingManager.java[registerInterpreterSetting]:425) - Register InterpreterSettingTemplate: file
 INFO [2020-10-02 17:35:29,069] ({main} InterpreterSettingManager.java[registerInterpreterSetting]:425) - Register InterpreterSettingTemplate: kylin
 INFO [2020-10-02 17:35:29,081] ({main} InterpreterSettingManager.java[registerInterpreterSetting]:425) - Register InterpreterSettingTemplate: angular
 INFO [2020-10-02 17:35:29,102] ({main} InterpreterSettingManager.java[registerInterpreterSetting]:425) - Register InterpreterSettingTemplate: livy
 INFO [2020-10-02 17:35:29,122] ({main} InterpreterSettingManager.java[registerInterpreterSetting]:425) - Register InterpreterSettingTemplate: cassandra
 INFO [2020-10-02 17:35:29,128] ({main} InterpreterSettingManager.java[registerInterpreterSetting]:425) - Register InterpreterSettingTemplate: python
 WARN [2020-10-02 17:35:29,150] ({main} InterpreterSettingManager.java[init]:331) - No interpreter-setting.json found in /zeppelin/interpreter/lib
 WARN [2020-10-02 17:35:29,171] ({main} InterpreterSettingManager.java[init]:331) - No interpreter-setting.json found in /zeppelin/interpreter/${interpreter.name}
 INFO [2020-10-02 17:35:29,187] ({main} InterpreterSettingManager.java[registerInterpreterSetting]:425) - Register InterpreterSettingTemplate: groovy
 INFO [2020-10-02 17:35:29,211] ({main} InterpreterSettingManager.java[registerInterpreterSetting]:425) - Register InterpreterSettingTemplate: neo4j
 WARN [2020-10-02 17:35:29,370] ({main} InterpreterSettingManager.java[init]:331) - No interpreter-setting.json found in /zeppelin/interpreter/scio
 INFO [2020-10-02 17:35:29,376] ({main} InterpreterSettingManager.java[registerInterpreterSetting]:425) - Register InterpreterSettingTemplate: bigquery
 INFO [2020-10-02 17:35:29,382] ({main} InterpreterSettingManager.java[registerInterpreterSetting]:425) - Register InterpreterSettingTemplate: alluxio
 INFO [2020-10-02 17:35:29,387] ({main} InterpreterSettingManager.java[registerInterpreterSetting]:425) - Register InterpreterSettingTemplate: hbase
 INFO [2020-10-02 17:35:29,393] ({main} InterpreterSettingManager.java[registerInterpreterSetting]:425) - Register InterpreterSettingTemplate: ignite
 INFO [2020-10-02 17:35:29,402] ({main} InterpreterSettingManager.java[registerInterpreterSetting]:425) - Register InterpreterSettingTemplate: md
 INFO [2020-10-02 17:35:29,409] ({main} InterpreterSettingManager.java[registerInterpreterSetting]:425) - Register InterpreterSettingTemplate: elasticsearch
 INFO [2020-10-02 17:35:29,414] ({main} InterpreterSettingManager.java[registerInterpreterSetting]:425) - Register InterpreterSettingTemplate: flink
 INFO [2020-10-02 17:35:29,427] ({main} InterpreterSettingManager.java[registerInterpreterSetting]:425) - Register InterpreterSettingTemplate: spark
 INFO [2020-10-02 17:35:29,442] ({main} InterpreterSettingManager.java[registerInterpreterSetting]:425) - Register InterpreterSettingTemplate: sap
 WARN [2020-10-02 17:35:29,447] ({main} LocalConfigStorage.java[loadInterpreterSettings]:60) - Interpreter Setting file /zeppelin/conf/interpreter.json is not existed
 INFO [2020-10-02 17:35:29,516] ({main} LocalConfigStorage.java[save]:53) - Save Interpreter Setting to /zeppelin/conf/interpreter.json
 INFO [2020-10-02 17:35:29,929] ({main} VfsLog.java[info]:138) - Using "/tmp/vfs_cache" as temporary files store.
 INFO [2020-10-02 17:35:30,083] ({main} GitNotebookRepo.java[<init>]:64) - Opening a git repo at '/zeppelin/notebook'
 INFO [2020-10-02 17:35:30,564] ({main} GitNotebookRepo.java[<init>]:67) - Git repo /zeppelin/notebook/.git does not exist, creating a new one
 INFO [2020-10-02 17:35:30,712] ({main} NotebookRepoSync.java[<init>]:77) - Instantiate NotebookRepo: org.apache.zeppelin.notebook.repo.GitNotebookRepo
 WARN [2020-10-02 17:35:31,212] ({main} NotebookAuthorization.java[getInstance]:86) - Notebook authorization module was called without initialization, initializing with default configuration
 WARN [2020-10-02 17:35:31,214] ({main} LocalConfigStorage.java[loadNotebookAuthorization]:77) - NotebookAuthorization file /zeppelin/conf/notebook-authorization.json is not existed
 INFO [2020-10-02 17:35:31,219] ({main} Credentials.java[loadFromFile]:121) - /zeppelin/conf/credentials.json
 INFO [2020-10-02 17:35:31,352] ({main} StdSchedulerFactory.java[instantiate]:1184) - Using default implementation for ThreadExecutor
 INFO [2020-10-02 17:35:31,366] ({main} SimpleThreadPool.java[initialize]:268) - Job execution threads will use class loader of thread: main
 INFO [2020-10-02 17:35:31,434] ({main} SchedulerSignalerImpl.java[<init>]:61) - Initialized Scheduler Signaller of type: class org.quartz.core.SchedulerSignalerImpl
 INFO [2020-10-02 17:35:31,450] ({main} QuartzScheduler.java[<init>]:240) - Quartz Scheduler v.2.2.1 created.
 INFO [2020-10-02 17:35:31,463] ({main} RAMJobStore.java[initialize]:155) - RAMJobStore initialized.
 INFO [2020-10-02 17:35:31,473] ({main} QuartzScheduler.java[initialize]:305) - Scheduler meta-data: Quartz Scheduler (v2.2.1) 'DefaultQuartzScheduler' with instanceId 'NON_CLUSTERED'
  Scheduler class: 'org.quartz.core.QuartzScheduler' - running locally.
  NOT STARTED.
  Currently in standby mode.
  Number of jobs executed: 0
  Using thread pool 'org.quartz.simpl.SimpleThreadPool' - with 10 threads.
  Using job-store 'org.quartz.simpl.RAMJobStore' - which does not support persistence. and is not clustered.

 INFO [2020-10-02 17:35:31,476] ({main} StdSchedulerFactory.java[instantiate]:1339) - Quartz scheduler 'DefaultQuartzScheduler' initialized from default resource file in Quartz package: 'quartz.properties'
 INFO [2020-10-02 17:35:31,479] ({main} StdSchedulerFactory.java[instantiate]:1343) - Quartz scheduler version: 2.2.1
 INFO [2020-10-02 17:35:31,481] ({main} QuartzScheduler.java[start]:575) - Scheduler DefaultQuartzScheduler_$_NON_CLUSTERED started.
 INFO [2020-10-02 17:35:32,048] ({main} FolderView.java[createFolder]:107) - Create folder Zeppelin Tutorial
 INFO [2020-10-02 17:35:32,051] ({main} FolderView.java[createFolder]:107) - Create folder /
 INFO [2020-10-02 17:35:32,053] ({main} Folder.java[setParent]:169) - Set parent of / to /
 INFO [2020-10-02 17:35:32,055] ({main} Folder.java[setParent]:169) - Set parent of Zeppelin Tutorial to /
 INFO [2020-10-02 17:35:32,058] ({main} Folder.java[addNote]:185) - Add note 2C2AUG798 to folder Zeppelin Tutorial
 WARN [2020-10-02 17:35:32,068] ({main} Notebook.java[refreshCron]:981) - execution of the cron job is skipped cron is not enabled from Zeppelin server
 INFO [2020-10-02 17:35:32,088] ({main} Folder.java[addNote]:185) - Add note 2A94M5J1Z to folder Zeppelin Tutorial
 WARN [2020-10-02 17:35:32,091] ({main} Notebook.java[refreshCron]:981) - execution of the cron job is skipped cron is not enabled from Zeppelin server
 INFO [2020-10-02 17:35:32,123] ({main} Folder.java[addNote]:185) - Add note 2C35YU814 to folder Zeppelin Tutorial
 WARN [2020-10-02 17:35:32,127] ({main} Notebook.java[refreshCron]:981) - execution of the cron job is skipped cron is not enabled from Zeppelin server
 INFO [2020-10-02 17:35:32,150] ({main} Folder.java[addNote]:185) - Add note 2C57UKYWR to folder Zeppelin Tutorial
 WARN [2020-10-02 17:35:32,152] ({main} Notebook.java[refreshCron]:981) - execution of the cron job is skipped cron is not enabled from Zeppelin server
 INFO [2020-10-02 17:35:32,205] ({main} Folder.java[addNote]:185) - Add note 2BYEZ5EVK to folder Zeppelin Tutorial
 WARN [2020-10-02 17:35:32,217] ({main} Notebook.java[refreshCron]:981) - execution of the cron job is skipped cron is not enabled from Zeppelin server
 INFO [2020-10-02 17:35:32,395] ({main} Folder.java[addNote]:185) - Add note 2BWJFTXKJ to folder Zeppelin Tutorial
 WARN [2020-10-02 17:35:32,407] ({main} Notebook.java[refreshCron]:981) - execution of the cron job is skipped cron is not enabled from Zeppelin server
 INFO [2020-10-02 17:35:32,413] ({main} Notebook.java[<init>]:127) - Notebook indexing started...
 INFO [2020-10-02 17:35:33,479] ({main} LuceneSearch.java[addIndexDocs]:305) - Indexing 6 notebooks took 1062ms
 INFO [2020-10-02 17:35:33,482] ({main} Notebook.java[<init>]:129) - Notebook indexing finished: 6 indexed in -1s
 INFO [2020-10-02 17:35:33,490] ({main} Helium.java[loadConf]:103) - Add helium local registry /zeppelin/helium
 INFO [2020-10-02 17:35:33,497] ({main} Helium.java[loadConf]:100) - Add helium online registry https://s3.amazonaws.com/helium-package/helium.json
 WARN [2020-10-02 17:35:33,509] ({main} Helium.java[loadConf]:111) - /zeppelin/conf/helium.json does not exists
 INFO [2020-10-02 17:35:37,090] ({main} ContextHandler.java[doStart]:855) - Started o.e.j.w.WebAppContext@5af97850{zeppelin-web,/,file:///zeppelin/webapps/webapp/,AVAILABLE}{/zeppelin/zeppelin-web-0.8.1.war}
 INFO [2020-10-02 17:35:37,141] ({main} AbstractConnector.java[doStart]:292) - Started ServerConnector@3204e238{HTTP/1.1,[http/1.1]}{0.0.0.0:8080}
 INFO [2020-10-02 17:35:37,145] ({main} Server.java[doStart]:407) - Started @17535ms
 INFO [2020-10-02 17:35:37,151] ({main} ZeppelinServer.java[main]:249) - Done, zeppelin server started
 INFO [2020-10-02 17:36:16,743] ({Thread-13} ZeppelinServer.java[run]:253) - Shutting down Zeppelin Server ... 
 INFO [2020-10-02 17:36:16,778] ({Thread-13} AbstractConnector.java[doStop]:341) - Stopped ServerConnector@3204e238{HTTP/1.1,[http/1.1]}{0.0.0.0:8080}
 INFO [2020-10-02 17:36:16,782] ({Thread-13} HouseKeeper.java[stopScavenging]:167) - node0 Stopped scavenging
 INFO [2020-10-02 17:36:18,968] ({Thread-13} ContextHandler.java[doStop]:1045) - Stopped o.e.j.w.WebAppContext@5af97850{zeppelin-web,/,null,UNAVAILABLE}{/zeppelin/zeppelin-web-0.8.1.war}
 INFO [2020-10-02 17:36:18,982] ({Thread-14} InterpreterSetting.java[close]:483) - Close InterpreterSetting: ignite
 INFO [2020-10-02 17:36:18,988] ({Thread-16} InterpreterSetting.java[close]:483) - Close InterpreterSetting: python
 INFO [2020-10-02 17:36:19,042] ({Thread-37} InterpreterSetting.java[close]:483) - Close InterpreterSetting: kylin
 INFO [2020-10-02 17:36:19,041] ({Thread-24} InterpreterSetting.java[close]:483) - Close InterpreterSetting: angular
 INFO [2020-10-02 17:36:19,041] ({Thread-15} InterpreterSetting.java[close]:483) - Close InterpreterSetting: ignite
 INFO [2020-10-02 17:36:19,041] ({Thread-31} InterpreterSetting.java[close]:483) - Close InterpreterSetting: cassandra
 INFO [2020-10-02 17:36:19,041] ({Thread-20} InterpreterSetting.java[close]:483) - Close InterpreterSetting: jdbc
 INFO [2020-10-02 17:36:19,040] ({Thread-34} InterpreterSetting.java[close]:483) - Close InterpreterSetting: alluxio
 INFO [2020-10-02 17:36:19,041] ({Thread-22} InterpreterSetting.java[close]:483) - Close InterpreterSetting: pig
 INFO [2020-10-02 17:36:19,041] ({Thread-21} InterpreterSetting.java[close]:483) - Close InterpreterSetting: lens
 INFO [2020-10-02 17:36:19,041] ({Thread-23} InterpreterSetting.java[close]:483) - Close InterpreterSetting: flink
 INFO [2020-10-02 17:36:19,041] ({Thread-25} InterpreterSetting.java[close]:483) - Close InterpreterSetting: livy
 INFO [2020-10-02 17:36:19,041] ({Thread-26} InterpreterSetting.java[close]:483) - Close InterpreterSetting: file
 INFO [2020-10-02 17:36:19,040] ({Thread-27} InterpreterSetting.java[close]:483) - Close InterpreterSetting: groovy
 INFO [2020-10-02 17:36:19,040] ({Thread-28} InterpreterSetting.java[close]:483) - Close InterpreterSetting: neo4j
 INFO [2020-10-02 17:36:19,040] ({Thread-29} InterpreterSetting.java[close]:483) - Close InterpreterSetting: elasticsearch
 INFO [2020-10-02 17:36:19,040] ({Thread-30} InterpreterSetting.java[close]:483) - Close InterpreterSetting: sh
 INFO [2020-10-02 17:36:19,040] ({Thread-32} InterpreterSetting.java[close]:483) - Close InterpreterSetting: spark
 INFO [2020-10-02 17:36:19,040] ({Thread-33} InterpreterSetting.java[close]:483) - Close InterpreterSetting: md
 INFO [2020-10-02 17:36:19,040] ({Thread-35} InterpreterSetting.java[close]:483) - Close InterpreterSetting: bigquery
 INFO [2020-10-02 17:36:19,040] ({Thread-36} InterpreterSetting.java[close]:483) - Close InterpreterSetting: hbase
 INFO [2020-10-02 17:36:19,076] ({Thread-39} InterpreterSetting.java[close]:483) - Close InterpreterSetting: lens
 INFO [2020-10-02 17:36:19,069] ({Thread-54} InterpreterSetting.java[close]:483) - Close InterpreterSetting: hbase
 INFO [2020-10-02 17:36:19,068] ({Thread-53} InterpreterSetting.java[close]:483) - Close InterpreterSetting: bigquery
 INFO [2020-10-02 17:36:19,068] ({Thread-52} InterpreterSetting.java[close]:483) - Close InterpreterSetting: alluxio
 INFO [2020-10-02 17:36:19,067] ({Thread-51} InterpreterSetting.java[close]:483) - Close InterpreterSetting: md
 INFO [2020-10-02 17:36:19,067] ({Thread-50} InterpreterSetting.java[close]:483) - Close InterpreterSetting: spark
 INFO [2020-10-02 17:36:19,066] ({Thread-49} InterpreterSetting.java[close]:483) - Close InterpreterSetting: cassandra
 INFO [2020-10-02 17:36:19,065] ({Thread-48} InterpreterSetting.java[close]:483) - Close InterpreterSetting: sh
 INFO [2020-10-02 17:36:19,065] ({Thread-47} InterpreterSetting.java[close]:483) - Close InterpreterSetting: elasticsearch
 INFO [2020-10-02 17:36:19,064] ({Thread-46} InterpreterSetting.java[close]:483) - Close InterpreterSetting: neo4j
 INFO [2020-10-02 17:36:19,063] ({Thread-43} InterpreterSetting.java[close]:483) - Close InterpreterSetting: livy
 INFO [2020-10-02 17:36:19,063] ({Thread-45} InterpreterSetting.java[close]:483) - Close InterpreterSetting: groovy
 INFO [2020-10-02 17:36:19,063] ({Thread-44} InterpreterSetting.java[close]:483) - Close InterpreterSetting: file
 INFO [2020-10-02 17:36:19,062] ({Thread-42} InterpreterSetting.java[close]:483) - Close InterpreterSetting: angular
 INFO [2020-10-02 17:36:19,061] ({Thread-41} InterpreterSetting.java[close]:483) - Close InterpreterSetting: flink
 INFO [2020-10-02 17:36:19,061] ({Thread-40} InterpreterSetting.java[close]:483) - Close InterpreterSetting: pig
 INFO [2020-10-02 17:36:19,055] ({Thread-17} InterpreterSetting.java[close]:483) - Close InterpreterSetting: sap
 INFO [2020-10-02 17:36:19,055] ({Thread-38} InterpreterSetting.java[close]:483) - Close InterpreterSetting: jdbc
 INFO [2020-10-02 17:36:19,043] ({Thread-19} InterpreterSetting.java[close]:483) - Close InterpreterSetting: sap
 INFO [2020-10-02 17:36:19,043] ({Thread-18} InterpreterSetting.java[close]:483) - Close InterpreterSetting: python
 INFO [2020-10-02 17:36:19,098] ({Thread-55} InterpreterSetting.java[close]:483) - Close InterpreterSetting: kylin
 INFO [2020-10-02 17:36:19,175] ({Thread-13} NotebookRepoSync.java[close]:428) - Closing all notebook storages
 INFO [2020-10-02 17:36:22,229] ({Thread-13} ZeppelinServer.java[run]:264) - Bye
