 WARN [2020-10-02 17:54:34,000] ({main} ZeppelinConfiguration.java[create]:117) - Failed to load configuration, proceeding with a default
 INFO [2020-10-02 17:54:34,157] ({main} ZeppelinConfiguration.java[create]:129) - Server Host: 0.0.0.0
 INFO [2020-10-02 17:54:34,163] ({main} ZeppelinConfiguration.java[create]:131) - Server Port: 8080
 INFO [2020-10-02 17:54:34,169] ({main} ZeppelinConfiguration.java[create]:135) - Context Path: /
 INFO [2020-10-02 17:54:34,181] ({main} ZeppelinConfiguration.java[create]:136) - Zeppelin Version: 0.8.1
 INFO [2020-10-02 17:54:34,276] ({main} Log.java[initialized]:193) - Logging initialized @1439ms to org.eclipse.jetty.util.log.Slf4jLog
 WARN [2020-10-02 17:54:34,893] ({main} ServerConnector.java[setSoLingerTime]:458) - Ignoring deprecated socket close linger time
 INFO [2020-10-02 17:54:35,126] ({main} ZeppelinServer.java[setupWebAppContext]:413) - ZeppelinServer Webapp path: /zeppelin/webapps
 INFO [2020-10-02 17:54:35,561] ({main} ZeppelinServer.java[main]:239) - Starting zeppelin server
 INFO [2020-10-02 17:54:35,584] ({main} Server.java[doStart]:370) - jetty-9.4.14.v20181114; built: 2018-11-14T21:20:31.478Z; git: c4550056e785fb5665914545889f21dc136ad9e6; jvm 1.8.0_191-8u191-b12-0ubuntu0.16.04.1-b12
 INFO [2020-10-02 17:54:44,540] ({main} StandardDescriptorProcessor.java[visitServlet]:283) - NO JSP Support for /, did not find org.eclipse.jetty.jsp.JettyJspServlet
 INFO [2020-10-02 17:54:44,611] ({main} DefaultSessionIdManager.java[doStart]:365) - DefaultSessionIdManager workerName=node0
 INFO [2020-10-02 17:54:44,615] ({main} DefaultSessionIdManager.java[doStart]:370) - No SessionScavenger set, using defaults
 INFO [2020-10-02 17:54:44,629] ({main} HouseKeeper.java[startScavenging]:149) - node0 Scavenging every 600000ms
 INFO [2020-10-02 17:54:45,914] ({main} SchedulerFactory.java[<init>]:59) - Scheduler Thread Pool Size: 100
 WARN [2020-10-02 17:54:45,955] ({main} ZeppelinConfiguration.java[getConfigFSDir]:527) - zeppelin.config.fs.dir is not specified, fall back to local conf directory zeppelin.conf.dir
 WARN [2020-10-02 17:54:45,961] ({main} ZeppelinConfiguration.java[getConfigFSDir]:527) - zeppelin.config.fs.dir is not specified, fall back to local conf directory zeppelin.conf.dir
 INFO [2020-10-02 17:54:46,460] ({main} InterpreterSettingManager.java[<init>]:165) - Using RecoveryStorage: org.apache.zeppelin.interpreter.recovery.NullRecoveryStorage
 INFO [2020-10-02 17:54:46,478] ({main} InterpreterSettingManager.java[<init>]:169) - Using LifecycleManager: org.apache.zeppelin.interpreter.lifecycle.NullLifecycleManager
 INFO [2020-10-02 17:54:47,053] ({main} InterpreterSettingManager.java[registerInterpreterSetting]:425) - Register InterpreterSettingTemplate: pig
 INFO [2020-10-02 17:54:47,085] ({main} InterpreterSettingManager.java[registerInterpreterSetting]:425) - Register InterpreterSettingTemplate: jdbc
 INFO [2020-10-02 17:54:47,109] ({main} InterpreterSettingManager.java[registerInterpreterSetting]:425) - Register InterpreterSettingTemplate: lens
 INFO [2020-10-02 17:54:47,136] ({main} InterpreterSettingManager.java[registerInterpreterSetting]:425) - Register InterpreterSettingTemplate: sh
 INFO [2020-10-02 17:54:47,158] ({main} InterpreterSettingManager.java[registerInterpreterSetting]:425) - Register InterpreterSettingTemplate: file
 INFO [2020-10-02 17:54:47,189] ({main} InterpreterSettingManager.java[registerInterpreterSetting]:425) - Register InterpreterSettingTemplate: kylin
 INFO [2020-10-02 17:54:47,205] ({main} InterpreterSettingManager.java[registerInterpreterSetting]:425) - Register InterpreterSettingTemplate: angular
 INFO [2020-10-02 17:54:47,232] ({main} InterpreterSettingManager.java[registerInterpreterSetting]:425) - Register InterpreterSettingTemplate: livy
 INFO [2020-10-02 17:54:47,265] ({main} InterpreterSettingManager.java[registerInterpreterSetting]:425) - Register InterpreterSettingTemplate: cassandra
 INFO [2020-10-02 17:54:47,297] ({main} InterpreterSettingManager.java[registerInterpreterSetting]:425) - Register InterpreterSettingTemplate: python
 WARN [2020-10-02 17:54:47,393] ({main} InterpreterSettingManager.java[init]:331) - No interpreter-setting.json found in /zeppelin/interpreter/lib
 WARN [2020-10-02 17:54:47,417] ({main} InterpreterSettingManager.java[init]:331) - No interpreter-setting.json found in /zeppelin/interpreter/${interpreter.name}
 INFO [2020-10-02 17:54:47,442] ({main} InterpreterSettingManager.java[registerInterpreterSetting]:425) - Register InterpreterSettingTemplate: groovy
 INFO [2020-10-02 17:54:47,467] ({main} InterpreterSettingManager.java[registerInterpreterSetting]:425) - Register InterpreterSettingTemplate: neo4j
 WARN [2020-10-02 17:54:47,870] ({main} InterpreterSettingManager.java[init]:331) - No interpreter-setting.json found in /zeppelin/interpreter/scio
 INFO [2020-10-02 17:54:47,883] ({main} InterpreterSettingManager.java[registerInterpreterSetting]:425) - Register InterpreterSettingTemplate: bigquery
 INFO [2020-10-02 17:54:47,893] ({main} InterpreterSettingManager.java[registerInterpreterSetting]:425) - Register InterpreterSettingTemplate: alluxio
 INFO [2020-10-02 17:54:47,902] ({main} InterpreterSettingManager.java[registerInterpreterSetting]:425) - Register InterpreterSettingTemplate: hbase
 INFO [2020-10-02 17:54:47,912] ({main} InterpreterSettingManager.java[registerInterpreterSetting]:425) - Register InterpreterSettingTemplate: ignite
 INFO [2020-10-02 17:54:47,922] ({main} InterpreterSettingManager.java[registerInterpreterSetting]:425) - Register InterpreterSettingTemplate: md
 INFO [2020-10-02 17:54:47,929] ({main} InterpreterSettingManager.java[registerInterpreterSetting]:425) - Register InterpreterSettingTemplate: elasticsearch
 INFO [2020-10-02 17:54:47,942] ({main} InterpreterSettingManager.java[registerInterpreterSetting]:425) - Register InterpreterSettingTemplate: flink
 INFO [2020-10-02 17:54:47,960] ({main} InterpreterSettingManager.java[registerInterpreterSetting]:425) - Register InterpreterSettingTemplate: spark
 INFO [2020-10-02 17:54:48,022] ({main} InterpreterSettingManager.java[registerInterpreterSetting]:425) - Register InterpreterSettingTemplate: sap
 WARN [2020-10-02 17:54:48,033] ({main} LocalConfigStorage.java[loadInterpreterSettings]:60) - Interpreter Setting file /zeppelin/conf/interpreter.json is not existed
 INFO [2020-10-02 17:54:48,156] ({main} LocalConfigStorage.java[save]:53) - Save Interpreter Setting to /zeppelin/conf/interpreter.json
 INFO [2020-10-02 17:54:50,412] ({main} VfsLog.java[info]:138) - Using "/tmp/vfs_cache" as temporary files store.
 INFO [2020-10-02 17:54:50,833] ({main} GitNotebookRepo.java[<init>]:64) - Opening a git repo at '/zeppelin/notebook'
 INFO [2020-10-02 17:54:51,503] ({main} GitNotebookRepo.java[<init>]:67) - Git repo /zeppelin/notebook/.git does not exist, creating a new one
 INFO [2020-10-02 17:54:51,641] ({main} NotebookRepoSync.java[<init>]:77) - Instantiate NotebookRepo: org.apache.zeppelin.notebook.repo.GitNotebookRepo
 WARN [2020-10-02 17:54:52,228] ({main} NotebookAuthorization.java[getInstance]:86) - Notebook authorization module was called without initialization, initializing with default configuration
 WARN [2020-10-02 17:54:52,232] ({main} LocalConfigStorage.java[loadNotebookAuthorization]:77) - NotebookAuthorization file /zeppelin/conf/notebook-authorization.json is not existed
 INFO [2020-10-02 17:54:52,246] ({main} Credentials.java[loadFromFile]:121) - /zeppelin/conf/credentials.json
 INFO [2020-10-02 17:54:52,429] ({main} StdSchedulerFactory.java[instantiate]:1184) - Using default implementation for ThreadExecutor
 INFO [2020-10-02 17:54:52,466] ({main} SimpleThreadPool.java[initialize]:268) - Job execution threads will use class loader of thread: main
 INFO [2020-10-02 17:54:52,526] ({main} SchedulerSignalerImpl.java[<init>]:61) - Initialized Scheduler Signaller of type: class org.quartz.core.SchedulerSignalerImpl
 INFO [2020-10-02 17:54:52,540] ({main} QuartzScheduler.java[<init>]:240) - Quartz Scheduler v.2.2.1 created.
 INFO [2020-10-02 17:54:52,551] ({main} RAMJobStore.java[initialize]:155) - RAMJobStore initialized.
 INFO [2020-10-02 17:54:52,557] ({main} QuartzScheduler.java[initialize]:305) - Scheduler meta-data: Quartz Scheduler (v2.2.1) 'DefaultQuartzScheduler' with instanceId 'NON_CLUSTERED'
  Scheduler class: 'org.quartz.core.QuartzScheduler' - running locally.
  NOT STARTED.
  Currently in standby mode.
  Number of jobs executed: 0
  Using thread pool 'org.quartz.simpl.SimpleThreadPool' - with 10 threads.
  Using job-store 'org.quartz.simpl.RAMJobStore' - which does not support persistence. and is not clustered.

 INFO [2020-10-02 17:54:52,560] ({main} StdSchedulerFactory.java[instantiate]:1339) - Quartz scheduler 'DefaultQuartzScheduler' initialized from default resource file in Quartz package: 'quartz.properties'
 INFO [2020-10-02 17:54:52,564] ({main} StdSchedulerFactory.java[instantiate]:1343) - Quartz scheduler version: 2.2.1
 INFO [2020-10-02 17:54:52,570] ({main} QuartzScheduler.java[start]:575) - Scheduler DefaultQuartzScheduler_$_NON_CLUSTERED started.
 INFO [2020-10-02 17:54:53,256] ({main} FolderView.java[createFolder]:107) - Create folder Zeppelin Tutorial
 INFO [2020-10-02 17:54:53,258] ({main} FolderView.java[createFolder]:107) - Create folder /
 INFO [2020-10-02 17:54:53,260] ({main} Folder.java[setParent]:169) - Set parent of / to /
 INFO [2020-10-02 17:54:53,265] ({main} Folder.java[setParent]:169) - Set parent of Zeppelin Tutorial to /
 INFO [2020-10-02 17:54:53,270] ({main} Folder.java[addNote]:185) - Add note 2C2AUG798 to folder Zeppelin Tutorial
 WARN [2020-10-02 17:54:53,276] ({main} Notebook.java[refreshCron]:981) - execution of the cron job is skipped cron is not enabled from Zeppelin server
 INFO [2020-10-02 17:54:53,330] ({main} Folder.java[addNote]:185) - Add note 2A94M5J1Z to folder Zeppelin Tutorial
 WARN [2020-10-02 17:54:53,342] ({main} Notebook.java[refreshCron]:981) - execution of the cron job is skipped cron is not enabled from Zeppelin server
 INFO [2020-10-02 17:54:53,408] ({main} Folder.java[addNote]:185) - Add note 2C35YU814 to folder Zeppelin Tutorial
 WARN [2020-10-02 17:54:53,424] ({main} Notebook.java[refreshCron]:981) - execution of the cron job is skipped cron is not enabled from Zeppelin server
 INFO [2020-10-02 17:54:53,448] ({main} Folder.java[addNote]:185) - Add note 2C57UKYWR to folder Zeppelin Tutorial
 WARN [2020-10-02 17:54:53,450] ({main} Notebook.java[refreshCron]:981) - execution of the cron job is skipped cron is not enabled from Zeppelin server
 INFO [2020-10-02 17:54:53,533] ({main} Folder.java[addNote]:185) - Add note 2BYEZ5EVK to folder Zeppelin Tutorial
 WARN [2020-10-02 17:54:53,538] ({main} Notebook.java[refreshCron]:981) - execution of the cron job is skipped cron is not enabled from Zeppelin server
 INFO [2020-10-02 17:54:53,649] ({main} Folder.java[addNote]:185) - Add note 2BWJFTXKJ to folder Zeppelin Tutorial
 WARN [2020-10-02 17:54:53,653] ({main} Notebook.java[refreshCron]:981) - execution of the cron job is skipped cron is not enabled from Zeppelin server
 INFO [2020-10-02 17:54:53,655] ({main} Notebook.java[<init>]:127) - Notebook indexing started...
 INFO [2020-10-02 17:54:54,632] ({main} LuceneSearch.java[addIndexDocs]:305) - Indexing 6 notebooks took 974ms
 INFO [2020-10-02 17:54:54,634] ({main} Notebook.java[<init>]:129) - Notebook indexing finished: 6 indexed in 0s
 INFO [2020-10-02 17:54:54,650] ({main} Helium.java[loadConf]:103) - Add helium local registry /zeppelin/helium
 INFO [2020-10-02 17:54:54,656] ({main} Helium.java[loadConf]:100) - Add helium online registry https://s3.amazonaws.com/helium-package/helium.json
 WARN [2020-10-02 17:54:54,672] ({main} Helium.java[loadConf]:111) - /zeppelin/conf/helium.json does not exists
 INFO [2020-10-02 17:55:00,189] ({main} ContextHandler.java[doStart]:855) - Started o.e.j.w.WebAppContext@5af97850{zeppelin-web,/,file:///zeppelin/webapps/webapp/,AVAILABLE}{/zeppelin/zeppelin-web-0.8.1.war}
 INFO [2020-10-02 17:55:00,246] ({main} AbstractConnector.java[doStart]:292) - Started ServerConnector@5974f626{HTTP/1.1,[http/1.1]}{0.0.0.0:8080}
 INFO [2020-10-02 17:55:00,250] ({main} Server.java[doStart]:407) - Started @27460ms
 INFO [2020-10-02 17:55:00,253] ({main} ZeppelinServer.java[main]:249) - Done, zeppelin server started
 INFO [2020-10-02 17:55:06,354] ({qtp2107447833-13} NotebookServer.java[onOpen]:151) - New connection from 172.17.0.1 : 51726
 INFO [2020-10-02 17:55:24,652] ({Thread-13} ZeppelinServer.java[run]:253) - Shutting down Zeppelin Server ... 
 INFO [2020-10-02 17:55:24,701] ({Thread-13} AbstractConnector.java[doStop]:341) - Stopped ServerConnector@5974f626{HTTP/1.1,[http/1.1]}{0.0.0.0:8080}
 INFO [2020-10-02 17:55:24,707] ({Thread-13} HouseKeeper.java[stopScavenging]:167) - node0 Stopped scavenging
 INFO [2020-10-02 17:55:24,708] ({qtp2107447833-14} NotebookServer.java[onClose]:372) - Closed connection to 172.17.0.1 : 51726. (1000) null
 WARN [2020-10-02 17:55:24,718] ({qtp2107447833-14} NotebookServer.java[removeUserConnection]:383) - Closing connection that is absent in user connections
 INFO [2020-10-02 17:55:26,777] ({Thread-13} ContextHandler.java[doStop]:1045) - Stopped o.e.j.w.WebAppContext@5af97850{zeppelin-web,/,null,UNAVAILABLE}{/zeppelin/zeppelin-web-0.8.1.war}
 INFO [2020-10-02 17:55:26,785] ({Thread-14} InterpreterSetting.java[close]:483) - Close InterpreterSetting: ignite
 INFO [2020-10-02 17:55:26,791] ({Thread-22} InterpreterSetting.java[close]:483) - Close InterpreterSetting: angular
 INFO [2020-10-02 17:55:26,785] ({Thread-15} InterpreterSetting.java[close]:483) - Close InterpreterSetting: python
 INFO [2020-10-02 17:55:26,787] ({Thread-19} InterpreterSetting.java[close]:483) - Close InterpreterSetting: lens
 INFO [2020-10-02 17:55:26,789] ({Thread-21} InterpreterSetting.java[close]:483) - Close InterpreterSetting: flink
 INFO [2020-10-02 17:55:26,788] ({Thread-20} InterpreterSetting.java[close]:483) - Close InterpreterSetting: pig
 INFO [2020-10-02 17:55:26,786] ({Thread-17} InterpreterSetting.java[close]:483) - Close InterpreterSetting: jdbc
 INFO [2020-10-02 17:55:26,786] ({Thread-16} InterpreterSetting.java[close]:483) - Close InterpreterSetting: sap
 INFO [2020-10-02 17:55:26,804] ({Thread-31} InterpreterSetting.java[close]:483) - Close InterpreterSetting: elasticsearch
 INFO [2020-10-02 17:55:26,799] ({Thread-29} InterpreterSetting.java[close]:483) - Close InterpreterSetting: groovy
 INFO [2020-10-02 17:55:26,799] ({Thread-28} InterpreterSetting.java[close]:483) - Close InterpreterSetting: file
 INFO [2020-10-02 17:55:26,798] ({Thread-23} InterpreterSetting.java[close]:483) - Close InterpreterSetting: livy
 INFO [2020-10-02 17:55:26,797] ({Thread-26} InterpreterSetting.java[close]:483) - Close InterpreterSetting: jdbc
 INFO [2020-10-02 17:55:26,828] ({Thread-45} InterpreterSetting.java[close]:483) - Close InterpreterSetting: hbase
 INFO [2020-10-02 17:55:26,832] ({Thread-47} InterpreterSetting.java[close]:483) - Close InterpreterSetting: elasticsearch
 INFO [2020-10-02 17:55:26,833] ({Thread-48} InterpreterSetting.java[close]:483) - Close InterpreterSetting: sh
 INFO [2020-10-02 17:55:26,795] ({Thread-25} InterpreterSetting.java[close]:483) - Close InterpreterSetting: sap
 INFO [2020-10-02 17:55:26,794] ({Thread-24} InterpreterSetting.java[close]:483) - Close InterpreterSetting: python
 INFO [2020-10-02 17:55:26,794] ({Thread-18} InterpreterSetting.java[close]:483) - Close InterpreterSetting: ignite
 INFO [2020-10-02 17:55:26,841] ({Thread-50} InterpreterSetting.java[close]:483) - Close InterpreterSetting: spark
 INFO [2020-10-02 17:55:26,835] ({Thread-49} InterpreterSetting.java[close]:483) - Close InterpreterSetting: cassandra
 INFO [2020-10-02 17:55:26,831] ({Thread-42} InterpreterSetting.java[close]:483) - Close InterpreterSetting: neo4j
 INFO [2020-10-02 17:55:26,828] ({Thread-46} InterpreterSetting.java[close]:483) - Close InterpreterSetting: kylin
 INFO [2020-10-02 17:55:26,827] ({Thread-44} InterpreterSetting.java[close]:483) - Close InterpreterSetting: bigquery
 INFO [2020-10-02 17:55:26,827] ({Thread-43} InterpreterSetting.java[close]:483) - Close InterpreterSetting: alluxio
 INFO [2020-10-02 17:55:26,827] ({Thread-41} InterpreterSetting.java[close]:483) - Close InterpreterSetting: md
 INFO [2020-10-02 17:55:26,823] ({Thread-34} InterpreterSetting.java[close]:483) - Close InterpreterSetting: spark
 INFO [2020-10-02 17:55:26,821] ({Thread-40} InterpreterSetting.java[close]:483) - Close InterpreterSetting: groovy
 INFO [2020-10-02 17:55:26,810] ({Thread-32} InterpreterSetting.java[close]:483) - Close InterpreterSetting: sh
 INFO [2020-10-02 17:55:26,809] ({Thread-39} InterpreterSetting.java[close]:483) - Close InterpreterSetting: file
 INFO [2020-10-02 17:55:26,809] ({Thread-38} InterpreterSetting.java[close]:483) - Close InterpreterSetting: livy
 INFO [2020-10-02 17:55:26,808] ({Thread-37} InterpreterSetting.java[close]:483) - Close InterpreterSetting: angular
 INFO [2020-10-02 17:55:26,808] ({Thread-36} InterpreterSetting.java[close]:483) - Close InterpreterSetting: flink
 INFO [2020-10-02 17:55:26,807] ({Thread-35} InterpreterSetting.java[close]:483) - Close InterpreterSetting: pig
 INFO [2020-10-02 17:55:26,807] ({Thread-27} InterpreterSetting.java[close]:483) - Close InterpreterSetting: lens
 INFO [2020-10-02 17:55:26,807] ({Thread-30} InterpreterSetting.java[close]:483) - Close InterpreterSetting: neo4j
 INFO [2020-10-02 17:55:26,807] ({Thread-33} InterpreterSetting.java[close]:483) - Close InterpreterSetting: cassandra
 INFO [2020-10-02 17:55:26,862] ({Thread-55} InterpreterSetting.java[close]:483) - Close InterpreterSetting: kylin
 INFO [2020-10-02 17:55:26,859] ({Thread-54} InterpreterSetting.java[close]:483) - Close InterpreterSetting: hbase
 INFO [2020-10-02 17:55:26,858] ({Thread-53} InterpreterSetting.java[close]:483) - Close InterpreterSetting: bigquery
 INFO [2020-10-02 17:55:26,855] ({Thread-52} InterpreterSetting.java[close]:483) - Close InterpreterSetting: alluxio
 INFO [2020-10-02 17:55:26,851] ({Thread-51} InterpreterSetting.java[close]:483) - Close InterpreterSetting: md
 INFO [2020-10-02 17:55:26,885] ({Thread-13} NotebookRepoSync.java[close]:428) - Closing all notebook storages
 INFO [2020-10-02 17:55:29,945] ({Thread-13} ZeppelinServer.java[run]:264) - Bye
