 INFO [2020-10-06 18:01:24,417] ({main} RemoteInterpreterServer.java[main]:261) - URL:jar:file:/zeppelin/interpreter/sh/zeppelin-interpreter-0.8.1.jar!/org/apache/zeppelin/interpreter/remote/RemoteInterpreterServer.class
 INFO [2020-10-06 18:01:24,964] ({main} RemoteInterpreterServer.java[<init>]:162) - Launching ThriftServer at 172.17.0.2:45339
 INFO [2020-10-06 18:01:25,193] ({main} RemoteInterpreterServer.java[<init>]:166) - Starting remote interpreter server on port 45339
 INFO [2020-10-06 18:01:25,214] ({Thread-0} RemoteInterpreterServer.java[run]:203) - Starting remote interpreter server on port 45339
 INFO [2020-10-06 18:01:26,252] ({Thread-1} RemoteInterpreterUtils.java[registerInterpreter]:165) - callbackHost: 172.17.0.2, callbackPort: 34837, callbackInfo: CallbackInfo(host:172.17.0.2, port:45339)
 INFO [2020-10-06 18:01:26,951] ({pool-1-thread-1} RemoteInterpreterServer.java[createInterpreter]:311) - Instantiate interpreter org.apache.zeppelin.shell.ShellInterpreter
 WARN [2020-10-06 18:01:27,305] ({pool-1-thread-1} ZeppelinConfiguration.java[create]:117) - Failed to load configuration, proceeding with a default
 INFO [2020-10-06 18:01:27,415] ({pool-1-thread-1} ZeppelinConfiguration.java[create]:129) - Server Host: 0.0.0.0
 INFO [2020-10-06 18:01:27,419] ({pool-1-thread-1} ZeppelinConfiguration.java[create]:131) - Server Port: 8080
 INFO [2020-10-06 18:01:27,423] ({pool-1-thread-1} ZeppelinConfiguration.java[create]:135) - Context Path: /
 INFO [2020-10-06 18:01:27,439] ({pool-1-thread-1} ZeppelinConfiguration.java[create]:136) - Zeppelin Version: 0.8.1
 INFO [2020-10-06 18:01:27,441] ({pool-1-thread-1} SchedulerFactory.java[<init>]:59) - Scheduler Thread Pool Size: 100
 INFO [2020-10-06 18:01:27,483] ({pool-2-thread-2} SchedulerFactory.java[jobStarted]:114) - Job 20200212-212102_1279039025 started by scheduler org.apache.zeppelin.shell.ShellInterpreter971991835
 INFO [2020-10-06 18:01:27,526] ({pool-2-thread-2} ShellInterpreter.java[open]:66) - Command timeout property: 60000
 INFO [2020-10-06 18:01:27,937] ({pool-2-thread-2} ShellInterpreter.java[interpret]:115) - Paragraph 20200212-212102_1279039025 return with exit value: 0
 INFO [2020-10-06 18:01:27,956] ({pool-2-thread-2} SchedulerFactory.java[jobFinished]:120) - Job 20200212-212102_1279039025 finished by scheduler org.apache.zeppelin.shell.ShellInterpreter971991835
 INFO [2020-10-06 18:01:29,110] ({pool-2-thread-2} SchedulerFactory.java[jobStarted]:114) - Job 20200212-212325_1375517377 started by scheduler org.apache.zeppelin.shell.ShellInterpreter971991835
ERROR [2020-10-06 18:01:29,213] ({pool-2-thread-2} ShellInterpreter.java[interpret]:120) - Can not run echo "################"
echo "File Permission:"
echo "################"
ls -ltra data

echo "################"
echo "File Details:"
echo "################"

wc -l data/fifa_players.csv
org.apache.commons.exec.ExecuteException: Process exited with an error: 1 (Exit value: 1)
	at org.apache.commons.exec.DefaultExecutor.executeInternal(DefaultExecutor.java:404)
	at org.apache.commons.exec.DefaultExecutor.execute(DefaultExecutor.java:166)
	at org.apache.commons.exec.DefaultExecutor.execute(DefaultExecutor.java:153)
	at org.apache.zeppelin.shell.ShellInterpreter.interpret(ShellInterpreter.java:114)
	at org.apache.zeppelin.interpreter.LazyOpenInterpreter.interpret(LazyOpenInterpreter.java:103)
	at org.apache.zeppelin.interpreter.remote.RemoteInterpreterServer$InterpretJob.jobRun(RemoteInterpreterServer.java:632)
	at org.apache.zeppelin.scheduler.Job.run(Job.java:188)
	at org.apache.zeppelin.scheduler.ParallelScheduler$JobRunner.run(ParallelScheduler.java:162)
	at java.util.concurrent.Executors$RunnableAdapter.call(Executors.java:511)
	at java.util.concurrent.FutureTask.run(FutureTask.java:266)
	at java.util.concurrent.ScheduledThreadPoolExecutor$ScheduledFutureTask.access$201(ScheduledThreadPoolExecutor.java:180)
	at java.util.concurrent.ScheduledThreadPoolExecutor$ScheduledFutureTask.run(ScheduledThreadPoolExecutor.java:293)
	at java.util.concurrent.ThreadPoolExecutor.runWorker(ThreadPoolExecutor.java:1149)
	at java.util.concurrent.ThreadPoolExecutor$Worker.run(ThreadPoolExecutor.java:624)
	at java.lang.Thread.run(Thread.java:748)
 INFO [2020-10-06 18:01:29,249] ({pool-2-thread-2} SchedulerFactory.java[jobFinished]:120) - Job 20200212-212325_1375517377 finished by scheduler org.apache.zeppelin.shell.ShellInterpreter971991835
 INFO [2020-10-06 18:05:09,186] ({pool-2-thread-3} SchedulerFactory.java[jobStarted]:114) - Job 20200212-212102_1279039025 started by scheduler org.apache.zeppelin.shell.ShellInterpreter971991835
 INFO [2020-10-06 18:05:09,460] ({pool-2-thread-3} ShellInterpreter.java[interpret]:115) - Paragraph 20200212-212102_1279039025 return with exit value: 0
 INFO [2020-10-06 18:05:09,478] ({pool-2-thread-3} SchedulerFactory.java[jobFinished]:120) - Job 20200212-212102_1279039025 finished by scheduler org.apache.zeppelin.shell.ShellInterpreter971991835
 INFO [2020-10-06 18:05:10,190] ({pool-2-thread-2} SchedulerFactory.java[jobStarted]:114) - Job 20200212-212325_1375517377 started by scheduler org.apache.zeppelin.shell.ShellInterpreter971991835
ERROR [2020-10-06 18:05:10,374] ({pool-2-thread-2} ShellInterpreter.java[interpret]:120) - Can not run echo "################"
echo "File Permission:"
echo "################"
ls -ltra data

echo "################"
echo "File Details:"
echo "################"

wc -l data/fifa_players.csv
org.apache.commons.exec.ExecuteException: Process exited with an error: 1 (Exit value: 1)
	at org.apache.commons.exec.DefaultExecutor.executeInternal(DefaultExecutor.java:404)
	at org.apache.commons.exec.DefaultExecutor.execute(DefaultExecutor.java:166)
	at org.apache.commons.exec.DefaultExecutor.execute(DefaultExecutor.java:153)
	at org.apache.zeppelin.shell.ShellInterpreter.interpret(ShellInterpreter.java:114)
	at org.apache.zeppelin.interpreter.LazyOpenInterpreter.interpret(LazyOpenInterpreter.java:103)
	at org.apache.zeppelin.interpreter.remote.RemoteInterpreterServer$InterpretJob.jobRun(RemoteInterpreterServer.java:632)
	at org.apache.zeppelin.scheduler.Job.run(Job.java:188)
	at org.apache.zeppelin.scheduler.ParallelScheduler$JobRunner.run(ParallelScheduler.java:162)
	at java.util.concurrent.Executors$RunnableAdapter.call(Executors.java:511)
	at java.util.concurrent.FutureTask.run(FutureTask.java:266)
	at java.util.concurrent.ScheduledThreadPoolExecutor$ScheduledFutureTask.access$201(ScheduledThreadPoolExecutor.java:180)
	at java.util.concurrent.ScheduledThreadPoolExecutor$ScheduledFutureTask.run(ScheduledThreadPoolExecutor.java:293)
	at java.util.concurrent.ThreadPoolExecutor.runWorker(ThreadPoolExecutor.java:1149)
	at java.util.concurrent.ThreadPoolExecutor$Worker.run(ThreadPoolExecutor.java:624)
	at java.lang.Thread.run(Thread.java:748)
 INFO [2020-10-06 18:05:10,390] ({pool-2-thread-2} SchedulerFactory.java[jobFinished]:120) - Job 20200212-212325_1375517377 finished by scheduler org.apache.zeppelin.shell.ShellInterpreter971991835
 INFO [2020-10-06 18:05:16,084] ({pool-2-thread-4} SchedulerFactory.java[jobStarted]:114) - Job 20200212-212325_1375517377 started by scheduler org.apache.zeppelin.shell.ShellInterpreter971991835
ERROR [2020-10-06 18:05:16,143] ({pool-2-thread-4} ShellInterpreter.java[interpret]:120) - Can not run echo "################"
echo "File Permission:"
echo "################"
ls -ltra data

echo "################"
echo "File Details:"
echo "################"

wc -l data/fifa_players.csv
org.apache.commons.exec.ExecuteException: Process exited with an error: 1 (Exit value: 1)
	at org.apache.commons.exec.DefaultExecutor.executeInternal(DefaultExecutor.java:404)
	at org.apache.commons.exec.DefaultExecutor.execute(DefaultExecutor.java:166)
	at org.apache.commons.exec.DefaultExecutor.execute(DefaultExecutor.java:153)
	at org.apache.zeppelin.shell.ShellInterpreter.interpret(ShellInterpreter.java:114)
	at org.apache.zeppelin.interpreter.LazyOpenInterpreter.interpret(LazyOpenInterpreter.java:103)
	at org.apache.zeppelin.interpreter.remote.RemoteInterpreterServer$InterpretJob.jobRun(RemoteInterpreterServer.java:632)
	at org.apache.zeppelin.scheduler.Job.run(Job.java:188)
	at org.apache.zeppelin.scheduler.ParallelScheduler$JobRunner.run(ParallelScheduler.java:162)
	at java.util.concurrent.Executors$RunnableAdapter.call(Executors.java:511)
	at java.util.concurrent.FutureTask.run(FutureTask.java:266)
	at java.util.concurrent.ScheduledThreadPoolExecutor$ScheduledFutureTask.access$201(ScheduledThreadPoolExecutor.java:180)
	at java.util.concurrent.ScheduledThreadPoolExecutor$ScheduledFutureTask.run(ScheduledThreadPoolExecutor.java:293)
	at java.util.concurrent.ThreadPoolExecutor.runWorker(ThreadPoolExecutor.java:1149)
	at java.util.concurrent.ThreadPoolExecutor$Worker.run(ThreadPoolExecutor.java:624)
	at java.lang.Thread.run(Thread.java:748)
 INFO [2020-10-06 18:05:16,150] ({pool-2-thread-4} SchedulerFactory.java[jobFinished]:120) - Job 20200212-212325_1375517377 finished by scheduler org.apache.zeppelin.shell.ShellInterpreter971991835
 INFO [2020-10-06 18:05:17,454] ({pool-2-thread-3} SchedulerFactory.java[jobStarted]:114) - Job 20200212-212325_1375517377 started by scheduler org.apache.zeppelin.shell.ShellInterpreter971991835
ERROR [2020-10-06 18:05:17,506] ({pool-2-thread-3} ShellInterpreter.java[interpret]:120) - Can not run echo "################"
echo "File Permission:"
echo "################"
ls -ltra data

echo "################"
echo "File Details:"
echo "################"

wc -l data/fifa_players.csv
org.apache.commons.exec.ExecuteException: Process exited with an error: 1 (Exit value: 1)
	at org.apache.commons.exec.DefaultExecutor.executeInternal(DefaultExecutor.java:404)
	at org.apache.commons.exec.DefaultExecutor.execute(DefaultExecutor.java:166)
	at org.apache.commons.exec.DefaultExecutor.execute(DefaultExecutor.java:153)
	at org.apache.zeppelin.shell.ShellInterpreter.interpret(ShellInterpreter.java:114)
	at org.apache.zeppelin.interpreter.LazyOpenInterpreter.interpret(LazyOpenInterpreter.java:103)
	at org.apache.zeppelin.interpreter.remote.RemoteInterpreterServer$InterpretJob.jobRun(RemoteInterpreterServer.java:632)
	at org.apache.zeppelin.scheduler.Job.run(Job.java:188)
	at org.apache.zeppelin.scheduler.ParallelScheduler$JobRunner.run(ParallelScheduler.java:162)
	at java.util.concurrent.Executors$RunnableAdapter.call(Executors.java:511)
	at java.util.concurrent.FutureTask.run(FutureTask.java:266)
	at java.util.concurrent.ScheduledThreadPoolExecutor$ScheduledFutureTask.access$201(ScheduledThreadPoolExecutor.java:180)
	at java.util.concurrent.ScheduledThreadPoolExecutor$ScheduledFutureTask.run(ScheduledThreadPoolExecutor.java:293)
	at java.util.concurrent.ThreadPoolExecutor.runWorker(ThreadPoolExecutor.java:1149)
	at java.util.concurrent.ThreadPoolExecutor$Worker.run(ThreadPoolExecutor.java:624)
	at java.lang.Thread.run(Thread.java:748)
 INFO [2020-10-06 18:05:17,511] ({pool-2-thread-3} SchedulerFactory.java[jobFinished]:120) - Job 20200212-212325_1375517377 finished by scheduler org.apache.zeppelin.shell.ShellInterpreter971991835
 INFO [2020-10-06 18:05:19,356] ({pool-2-thread-5} SchedulerFactory.java[jobStarted]:114) - Job 20200212-212102_1279039025 started by scheduler org.apache.zeppelin.shell.ShellInterpreter971991835
 INFO [2020-10-06 18:05:19,442] ({pool-2-thread-5} ShellInterpreter.java[interpret]:115) - Paragraph 20200212-212102_1279039025 return with exit value: 0
 INFO [2020-10-06 18:05:19,475] ({pool-2-thread-5} SchedulerFactory.java[jobFinished]:120) - Job 20200212-212102_1279039025 finished by scheduler org.apache.zeppelin.shell.ShellInterpreter971991835
 INFO [2020-10-06 18:05:21,299] ({pool-2-thread-2} SchedulerFactory.java[jobStarted]:114) - Job 20200212-212325_1375517377 started by scheduler org.apache.zeppelin.shell.ShellInterpreter971991835
ERROR [2020-10-06 18:05:21,369] ({pool-2-thread-2} ShellInterpreter.java[interpret]:120) - Can not run echo "################"
echo "File Permission:"
echo "################"
ls -ltra data

echo "################"
echo "File Details:"
echo "################"

wc -l data/fifa_players.csv
org.apache.commons.exec.ExecuteException: Process exited with an error: 1 (Exit value: 1)
	at org.apache.commons.exec.DefaultExecutor.executeInternal(DefaultExecutor.java:404)
	at org.apache.commons.exec.DefaultExecutor.execute(DefaultExecutor.java:166)
	at org.apache.commons.exec.DefaultExecutor.execute(DefaultExecutor.java:153)
	at org.apache.zeppelin.shell.ShellInterpreter.interpret(ShellInterpreter.java:114)
	at org.apache.zeppelin.interpreter.LazyOpenInterpreter.interpret(LazyOpenInterpreter.java:103)
	at org.apache.zeppelin.interpreter.remote.RemoteInterpreterServer$InterpretJob.jobRun(RemoteInterpreterServer.java:632)
	at org.apache.zeppelin.scheduler.Job.run(Job.java:188)
	at org.apache.zeppelin.scheduler.ParallelScheduler$JobRunner.run(ParallelScheduler.java:162)
	at java.util.concurrent.Executors$RunnableAdapter.call(Executors.java:511)
	at java.util.concurrent.FutureTask.run(FutureTask.java:266)
	at java.util.concurrent.ScheduledThreadPoolExecutor$ScheduledFutureTask.access$201(ScheduledThreadPoolExecutor.java:180)
	at java.util.concurrent.ScheduledThreadPoolExecutor$ScheduledFutureTask.run(ScheduledThreadPoolExecutor.java:293)
	at java.util.concurrent.ThreadPoolExecutor.runWorker(ThreadPoolExecutor.java:1149)
	at java.util.concurrent.ThreadPoolExecutor$Worker.run(ThreadPoolExecutor.java:624)
	at java.lang.Thread.run(Thread.java:748)
 INFO [2020-10-06 18:05:21,382] ({pool-2-thread-2} SchedulerFactory.java[jobFinished]:120) - Job 20200212-212325_1375517377 finished by scheduler org.apache.zeppelin.shell.ShellInterpreter971991835
 INFO [2020-10-06 18:06:39,084] ({pool-1-thread-2} RemoteInterpreterServer.java[shutdown]:209) - Shutting down...
