 INFO [2020-10-14 22:01:13,185] ({main} RemoteInterpreterServer.java[main]:261) - URL:jar:file:/zeppelin/lib/interpreter/zeppelin-interpreter-0.8.1.jar!/org/apache/zeppelin/interpreter/remote/RemoteInterpreterServer.class
 INFO [2020-10-14 22:01:13,563] ({main} RemoteInterpreterServer.java[<init>]:162) - Launching ThriftServer at 172.17.0.2:38459
 INFO [2020-10-14 22:01:13,664] ({main} RemoteInterpreterServer.java[<init>]:166) - Starting remote interpreter server on port 38459
 INFO [2020-10-14 22:01:13,696] ({Thread-0} RemoteInterpreterServer.java[run]:203) - Starting remote interpreter server on port 38459
 INFO [2020-10-14 22:01:14,726] ({Thread-1} RemoteInterpreterUtils.java[registerInterpreter]:165) - callbackHost: 172.17.0.2, callbackPort: 39809, callbackInfo: CallbackInfo(host:172.17.0.2, port:38459)
 INFO [2020-10-14 22:01:15,306] ({pool-1-thread-1} RemoteInterpreterServer.java[createInterpreter]:311) - Instantiate interpreter org.apache.zeppelin.python.PythonInterpreter
 INFO [2020-10-14 22:01:15,325] ({pool-1-thread-1} RemoteInterpreterServer.java[createInterpreter]:311) - Instantiate interpreter org.apache.zeppelin.python.IPythonInterpreter
 INFO [2020-10-14 22:01:15,342] ({pool-1-thread-1} RemoteInterpreterServer.java[createInterpreter]:311) - Instantiate interpreter org.apache.zeppelin.python.PythonInterpreterPandasSql
 INFO [2020-10-14 22:01:15,360] ({pool-1-thread-1} RemoteInterpreterServer.java[createInterpreter]:311) - Instantiate interpreter org.apache.zeppelin.python.PythonCondaInterpreter
 INFO [2020-10-14 22:01:15,372] ({pool-1-thread-1} RemoteInterpreterServer.java[createInterpreter]:311) - Instantiate interpreter org.apache.zeppelin.python.PythonDockerInterpreter
 WARN [2020-10-14 22:01:15,616] ({pool-1-thread-1} ZeppelinConfiguration.java[create]:117) - Failed to load configuration, proceeding with a default
 INFO [2020-10-14 22:01:15,695] ({pool-1-thread-1} ZeppelinConfiguration.java[create]:129) - Server Host: 0.0.0.0
 INFO [2020-10-14 22:01:15,697] ({pool-1-thread-1} ZeppelinConfiguration.java[create]:131) - Server Port: 8080
 INFO [2020-10-14 22:01:15,698] ({pool-1-thread-1} ZeppelinConfiguration.java[create]:135) - Context Path: /
 INFO [2020-10-14 22:01:15,712] ({pool-1-thread-1} ZeppelinConfiguration.java[create]:136) - Zeppelin Version: 0.8.1
 INFO [2020-10-14 22:01:15,713] ({pool-1-thread-1} SchedulerFactory.java[<init>]:59) - Scheduler Thread Pool Size: 100
 INFO [2020-10-14 22:01:15,740] ({pool-2-thread-2} SchedulerFactory.java[jobStarted]:114) - Job 20200226-234351_1863175723 started by scheduler org.apache.zeppelin.python.PythonInterpreter1444396742
 INFO [2020-10-14 22:01:17,897] ({pool-2-thread-2} IPythonInterpreter.java[checkIPythonPrerequisite]:198) - IPython prerequisite is met
 INFO [2020-10-14 22:01:17,913] ({pool-2-thread-2} IPythonInterpreter.java[open]:135) - Python Exec: python
 INFO [2020-10-14 22:01:18,867] ({pool-2-thread-2} IPythonInterpreter.java[checkIPythonPrerequisite]:198) - IPython prerequisite is met
 INFO [2020-10-14 22:01:18,886] ({pool-2-thread-2} IPythonInterpreter.java[open]:146) - Launching IPython Kernel at port: 38677
 INFO [2020-10-14 22:01:18,888] ({pool-2-thread-2} IPythonInterpreter.java[open]:147) - Launching JVM Gateway at port: 36359
 INFO [2020-10-14 22:01:19,464] ({pool-2-thread-2} IPythonInterpreter.java[setupIPythonEnv]:319) - PYTHONPATH:/zeppelin/interpreter/python/py4j-0.9.2/src
 INFO [2020-10-14 22:01:20,437] ({pool-2-thread-2} IPythonInterpreter.java[launchIPythonKernel]:297) - Wait for IPython Kernel to be started
 INFO [2020-10-14 22:01:20,542] ({pool-2-thread-2} IPythonInterpreter.java[launchIPythonKernel]:297) - Wait for IPython Kernel to be started
 INFO [2020-10-14 22:01:20,651] ({pool-2-thread-2} IPythonInterpreter.java[launchIPythonKernel]:297) - Wait for IPython Kernel to be started
 INFO [2020-10-14 22:01:20,767] ({pool-2-thread-2} IPythonInterpreter.java[launchIPythonKernel]:297) - Wait for IPython Kernel to be started
 INFO [2020-10-14 22:01:20,875] ({pool-2-thread-2} IPythonInterpreter.java[launchIPythonKernel]:297) - Wait for IPython Kernel to be started
 INFO [2020-10-14 22:01:20,980] ({pool-2-thread-2} IPythonInterpreter.java[launchIPythonKernel]:297) - Wait for IPython Kernel to be started
 INFO [2020-10-14 22:01:21,081] ({pool-2-thread-2} IPythonInterpreter.java[launchIPythonKernel]:297) - Wait for IPython Kernel to be started
 INFO [2020-10-14 22:01:21,185] ({pool-2-thread-2} IPythonInterpreter.java[launchIPythonKernel]:297) - Wait for IPython Kernel to be started
 INFO [2020-10-14 22:01:21,288] ({pool-2-thread-2} IPythonInterpreter.java[launchIPythonKernel]:297) - Wait for IPython Kernel to be started
 INFO [2020-10-14 22:01:21,391] ({pool-2-thread-2} IPythonInterpreter.java[launchIPythonKernel]:297) - Wait for IPython Kernel to be started
 INFO [2020-10-14 22:01:21,495] ({pool-2-thread-2} IPythonInterpreter.java[launchIPythonKernel]:297) - Wait for IPython Kernel to be started
 INFO [2020-10-14 22:01:21,599] ({pool-2-thread-2} IPythonInterpreter.java[launchIPythonKernel]:297) - Wait for IPython Kernel to be started
 INFO [2020-10-14 22:01:21,706] ({pool-2-thread-2} IPythonInterpreter.java[launchIPythonKernel]:297) - Wait for IPython Kernel to be started
 INFO [2020-10-14 22:01:21,808] ({pool-2-thread-2} IPythonInterpreter.java[launchIPythonKernel]:297) - Wait for IPython Kernel to be started
 INFO [2020-10-14 22:01:21,911] ({pool-2-thread-2} IPythonInterpreter.java[launchIPythonKernel]:297) - Wait for IPython Kernel to be started
 INFO [2020-10-14 22:01:22,266] ({pool-2-thread-2} IPythonInterpreter.java[launchIPythonKernel]:293) - Wait for IPython Kernel to be started
 INFO [2020-10-14 22:01:22,377] ({pool-2-thread-2} IPythonInterpreter.java[launchIPythonKernel]:293) - Wait for IPython Kernel to be started
 INFO [2020-10-14 22:01:22,488] ({pool-2-thread-2} IPythonInterpreter.java[launchIPythonKernel]:293) - Wait for IPython Kernel to be started
 INFO [2020-10-14 22:01:22,625] ({pool-2-thread-2} IPythonInterpreter.java[launchIPythonKernel]:293) - Wait for IPython Kernel to be started
 INFO [2020-10-14 22:01:22,738] ({pool-2-thread-2} IPythonInterpreter.java[launchIPythonKernel]:293) - Wait for IPython Kernel to be started
 INFO [2020-10-14 22:01:22,859] ({pool-2-thread-2} IPythonInterpreter.java[launchIPythonKernel]:293) - Wait for IPython Kernel to be started
 INFO [2020-10-14 22:01:22,970] ({pool-2-thread-2} IPythonInterpreter.java[launchIPythonKernel]:293) - Wait for IPython Kernel to be started
 INFO [2020-10-14 22:01:23,087] ({pool-2-thread-2} IPythonInterpreter.java[launchIPythonKernel]:293) - Wait for IPython Kernel to be started
 INFO [2020-10-14 22:01:23,201] ({pool-2-thread-2} IPythonInterpreter.java[launchIPythonKernel]:293) - Wait for IPython Kernel to be started
 INFO [2020-10-14 22:01:23,324] ({pool-2-thread-2} IPythonInterpreter.java[launchIPythonKernel]:290) - IPython Kernel is Running
 INFO [2020-10-14 22:01:23,326] ({pool-2-thread-2} Py4JUtils.java[createGatewayServer]:44) - Launching GatewayServer at 127.0.0.1:36359
 INFO [2020-10-14 22:01:24,491] ({pool-2-thread-2} PythonInterpreter.java[open]:235) - IPython is available, Use IPythonInterpreter to replace PythonInterpreter
 INFO [2020-10-14 22:01:40,389] ({pool-2-thread-2} SchedulerFactory.java[jobFinished]:120) - Job 20200226-234351_1863175723 finished by scheduler org.apache.zeppelin.python.PythonInterpreter1444396742
 INFO [2020-10-14 22:01:40,739] ({pool-2-thread-2} SchedulerFactory.java[jobStarted]:114) - Job 20200226-234227_1613779901 started by scheduler interpreter_1089335074
 INFO [2020-10-14 22:01:41,669] ({pool-2-thread-2} SchedulerFactory.java[jobFinished]:120) - Job 20200226-234227_1613779901 finished by scheduler interpreter_1089335074
 INFO [2020-10-14 22:01:43,166] ({pool-2-thread-5} SchedulerFactory.java[jobStarted]:114) - Job 20200226-235150_501496302 started by scheduler interpreter_1089335074
 INFO [2020-10-14 22:01:43,374] ({pool-2-thread-5} SchedulerFactory.java[jobFinished]:120) - Job 20200226-235150_501496302 finished by scheduler interpreter_1089335074
 INFO [2020-10-14 22:01:44,295] ({pool-2-thread-2} SchedulerFactory.java[jobStarted]:114) - Job 20200227-034147_1180318445 started by scheduler interpreter_1089335074
 INFO [2020-10-14 22:01:47,781] ({pool-2-thread-2} SchedulerFactory.java[jobFinished]:120) - Job 20200227-034147_1180318445 finished by scheduler interpreter_1089335074
 INFO [2020-10-14 22:01:48,913] ({pool-2-thread-6} SchedulerFactory.java[jobStarted]:114) - Job 20200227-035402_149386780 started by scheduler interpreter_1089335074
 INFO [2020-10-14 22:01:53,164] ({pool-2-thread-6} SchedulerFactory.java[jobFinished]:120) - Job 20200227-035402_149386780 finished by scheduler interpreter_1089335074
 INFO [2020-10-14 22:06:14,079] ({pool-2-thread-5} SchedulerFactory.java[jobStarted]:114) - Job 20200226-234351_1863175723 started by scheduler interpreter_1089335074
 INFO [2020-10-14 22:06:45,609] ({pool-2-thread-5} SchedulerFactory.java[jobFinished]:120) - Job 20200226-234351_1863175723 finished by scheduler interpreter_1089335074
 INFO [2020-10-14 22:12:38,592] ({pool-1-thread-2} RemoteInterpreterServer.java[shutdown]:209) - Shutting down...
 WARN [2020-10-14 22:12:38,736] ({Exec Default Executor} IPythonInterpreter.java[onProcessFailed]:398) - Exception happens in Python Process
org.apache.commons.exec.ExecuteException: Process exited with an error: 143 (Exit value: 143)
	at org.apache.commons.exec.DefaultExecutor.executeInternal(DefaultExecutor.java:404)
	at org.apache.commons.exec.DefaultExecutor.access$200(DefaultExecutor.java:48)
	at org.apache.commons.exec.DefaultExecutor$1.run(DefaultExecutor.java:200)
	at java.lang.Thread.run(Thread.java:748)
